<?xml version="1.0" encoding="UTF-8"?>
<!-- Generated by org.testng.reporters.JUnitReportReporter -->
<testsuite skipped="0" hostname="MSI" name="SimpleSeleniumPractice.ExcelReader" tests="1" failures="0" timestamp="12 Nov 2019 15:38:43 GMT" time="0.385" errors="0">
  <testcase name="test1" time="0.385" classname="SimpleSeleniumPractice.ExcelReader"/>
</testsuite> <!-- SimpleSeleniumPractice.ExcelReader -->
